<?xml version="1.0" encoding="UTF-8" ?>
<testsuite tests="6" failures="2" name="br.com.cwi.exchangerate.service.QuotationImplITTest" time="0.422" errors="0" skipped="0">
  <properties>
[...]
</properties>
  <testcase classname="br.com.cwi.exchangerate.service.QuotationImplITTest" name="testValues[Try convert value 77 from EUR to BRL for date 20160627]" time="0.056"/>
  <testcase classname="br.com.cwi.exchangerate.service.QuotationImplITTest" name="testValues[Try convert value 77 from CVE to BRL for date 20160627]" time="0.066"/>
  <testcase classname="br.com.cwi.exchangerate.service.QuotationImplITTest" name="testValues[Try convert value 88 from EUR to MXN for date 20160627]" time="0.072">
    <failure message="expected:&lt;185[6.90]&gt; but was:&lt;185[7.84]&gt;" type="org.junit.ComparisonFailure">org.junit.ComparisonFailure: expected:&lt;185[6.90]&gt; but was:&lt;185[7.84]&gt;
	at org.junit.Assert.assertEquals(Assert.java:115)
	at org.junit.Assert.assertEquals(Assert.java:144)
	at br.com.cwi.exchangerate.service.QuotationImplITTest.testValues(QuotationImplITTest.java:51)
	at sun.reflect.NativeMethodAccessorImpl.invoke0(Native Method)
	at sun.reflect.NativeMethodAccessorImpl.invoke(NativeMethodAccessorImpl.java:62)
	at sun.reflect.DelegatingMethodAccessorImpl.invoke(DelegatingMethodAccessorImpl.java:43)
	at java.lang.reflect.Method.invoke(Method.java:483)
	at org.junit.runners.model.FrameworkMethod$1.runReflectiveCall(FrameworkMethod.java:50)
	at org.junit.internal.runners.model.ReflectiveCallable.run(ReflectiveCallable.java:12)
	at org.junit.runners.model.FrameworkMethod.invokeExplosively(FrameworkMethod.java:47)
	at org.junit.internal.runners.statements.InvokeMethod.evaluate(InvokeMethod.java:17)
	at org.junit.runners.ParentRunner.runLeaf(ParentRunner.java:325)
	at org.junit.runners.BlockJUnit4ClassRunner.runChild(BlockJUnit4ClassRunner.java:78)
	at org.junit.runners.BlockJUnit4ClassRunner.runChild(BlockJUnit4ClassRunner.java:57)
	at org.junit.runners.ParentRunner$3.run(ParentRunner.java:290)
	at org.junit.runners.ParentRunner$1.schedule(ParentRunner.java:71)
	at org.junit.runners.ParentRunner.runChildren(ParentRunner.java:288)
	at org.junit.runners.ParentRunner.access$000(ParentRunner.java:58)
	at org.junit.runners.ParentRunner$2.evaluate(ParentRunner.java:268)
	at org.junit.runners.ParentRunner.run(ParentRunner.java:363)
	at org.junit.runners.Suite.runChild(Suite.java:128)
	at org.junit.runners.Suite.runChild(Suite.java:27)
	at org.junit.runners.ParentRunner$3.run(ParentRunner.java:290)
	at org.junit.runners.ParentRunner$1.schedule(ParentRunner.java:71)
	at org.junit.runners.ParentRunner.runChildren(ParentRunner.java:288)
	at org.junit.runners.ParentRunner.access$000(ParentRunner.java:58)
	at org.junit.runners.ParentRunner$2.evaluate(ParentRunner.java:268)
	at org.junit.runners.ParentRunner.run(ParentRunner.java:363)
	at org.apache.maven.surefire.junit4.JUnit4TestSet.execute(JUnit4TestSet.java:53)
	at org.apache.maven.surefire.junit4.JUnit4Provider.executeTestSet(JUnit4Provider.java:123)
	at org.apache.maven.surefire.junit4.JUnit4Provider.invoke(JUnit4Provider.java:104)
	at sun.reflect.NativeMethodAccessorImpl.invoke0(Native Method)
	at sun.reflect.NativeMethodAccessorImpl.invoke(NativeMethodAccessorImpl.java:62)
	at sun.reflect.DelegatingMethodAccessorImpl.invoke(DelegatingMethodAccessorImpl.java:43)
	at java.lang.reflect.Method.invoke(Method.java:483)
	at org.apache.maven.surefire.util.ReflectionUtils.invokeMethodWithArray(ReflectionUtils.java:164)
	at org.apache.maven.surefire.booter.ProviderFactory$ProviderProxy.invoke(ProviderFactory.java:110)
	at org.apache.maven.surefire.booter.SurefireStarter.invokeProvider(SurefireStarter.java:175)
	at org.apache.maven.surefire.booter.SurefireStarter.runSuitesInProcessWhenForked(SurefireStarter.java:107)
	at org.apache.maven.surefire.booter.ForkedBooter.main(ForkedBooter.java:68)
</failure>
    <system-err>jun 30, 2016 9:52:26 PM br.com.cwi.exchangerate.datasource.BrazilianCentralBankDataSource findQuotationByDate
INFORMAÇÕES: Date requested: 2016-06-27
jun 30, 2016 9:52:26 PM br.com.cwi.exchangerate.datasource.BrazilianCentralBankDataSource downloadCSVContentFileForDate
INFORMAÇÕES: Requested: http://www4.bcb.gov.br/Download/fechamento/20160627.csv
jun 30, 2016 9:52:26 PM br.com.cwi.exchangerate.datasource.BrazilianCentralBankDataSource downloadCSVContentFileForDate
INFORMAÇÕES: Acessing... http://www4.bcb.gov.br/Download/fechamento/20160627.csv
jun 30, 2016 9:52:26 PM br.com.cwi.exchangerate.service.QuotationImpl convert
INFORMAÇÕES: From: 978 - EUR - 3,739
jun 30, 2016 9:52:26 PM br.com.cwi.exchangerate.service.QuotationImpl convert
INFORMAÇÕES: To: 741 - MXN - 0,177
</system-err>
  </testcase>
  <testcase classname="br.com.cwi.exchangerate.service.QuotationImplITTest" name="testValues[Try convert value 32 from GBP to BRL for date 20160627]" time="0.064"/>
  <testcase classname="br.com.cwi.exchangerate.service.QuotationImplITTest" name="testValues[Try convert value 100 from USD to EUR for date 20141120]" time="0.073">
    <failure message="expected:&lt;79.[69]&gt; but was:&lt;79.[71]&gt;" type="org.junit.ComparisonFailure">org.junit.ComparisonFailure: expected:&lt;79.[69]&gt; but was:&lt;79.[71]&gt;
	at org.junit.Assert.assertEquals(Assert.java:115)
	at org.junit.Assert.assertEquals(Assert.java:144)
	at br.com.cwi.exchangerate.service.QuotationImplITTest.testValues(QuotationImplITTest.java:51)
	at sun.reflect.NativeMethodAccessorImpl.invoke0(Native Method)
	at sun.reflect.NativeMethodAccessorImpl.invoke(NativeMethodAccessorImpl.java:62)
	at sun.reflect.DelegatingMethodAccessorImpl.invoke(DelegatingMethodAccessorImpl.java:43)
	at java.lang.reflect.Method.invoke(Method.java:483)
	at org.junit.runners.model.FrameworkMethod$1.runReflectiveCall(FrameworkMethod.java:50)
	at org.junit.internal.runners.model.ReflectiveCallable.run(ReflectiveCallable.java:12)
	at org.junit.runners.model.FrameworkMethod.invokeExplosively(FrameworkMethod.java:47)
	at org.junit.internal.runners.statements.InvokeMethod.evaluate(InvokeMethod.java:17)
	at org.junit.runners.ParentRunner.runLeaf(ParentRunner.java:325)
	at org.junit.runners.BlockJUnit4ClassRunner.runChild(BlockJUnit4ClassRunner.java:78)
	at org.junit.runners.BlockJUnit4ClassRunner.runChild(BlockJUnit4ClassRunner.java:57)
	at org.junit.runners.ParentRunner$3.run(ParentRunner.java:290)
	at org.junit.runners.ParentRunner$1.schedule(ParentRunner.java:71)
	at org.junit.runners.ParentRunner.runChildren(ParentRunner.java:288)
	at org.junit.runners.ParentRunner.access$000(ParentRunner.java:58)
	at org.junit.runners.ParentRunner$2.evaluate(ParentRunner.java:268)
	at org.junit.runners.ParentRunner.run(ParentRunner.java:363)
	at org.junit.runners.Suite.runChild(Suite.java:128)
	at org.junit.runners.Suite.runChild(Suite.java:27)
	at org.junit.runners.ParentRunner$3.run(ParentRunner.java:290)
	at org.junit.runners.ParentRunner$1.schedule(ParentRunner.java:71)
	at org.junit.runners.ParentRunner.runChildren(ParentRunner.java:288)
	at org.junit.runners.ParentRunner.access$000(ParentRunner.java:58)
	at org.junit.runners.ParentRunner$2.evaluate(ParentRunner.java:268)
	at org.junit.runners.ParentRunner.run(ParentRunner.java:363)
	at org.apache.maven.surefire.junit4.JUnit4TestSet.execute(JUnit4TestSet.java:53)
	at org.apache.maven.surefire.junit4.JUnit4Provider.executeTestSet(JUnit4Provider.java:123)
	at org.apache.maven.surefire.junit4.JUnit4Provider.invoke(JUnit4Provider.java:104)
	at sun.reflect.NativeMethodAccessorImpl.invoke0(Native Method)
	at sun.reflect.NativeMethodAccessorImpl.invoke(NativeMethodAccessorImpl.java:62)
	at sun.reflect.DelegatingMethodAccessorImpl.invoke(DelegatingMethodAccessorImpl.java:43)
	at java.lang.reflect.Method.invoke(Method.java:483)
	at org.apache.maven.surefire.util.ReflectionUtils.invokeMethodWithArray(ReflectionUtils.java:164)
	at org.apache.maven.surefire.booter.ProviderFactory$ProviderProxy.invoke(ProviderFactory.java:110)
	at org.apache.maven.surefire.booter.SurefireStarter.invokeProvider(SurefireStarter.java:175)
	at org.apache.maven.surefire.booter.SurefireStarter.runSuitesInProcessWhenForked(SurefireStarter.java:107)
	at org.apache.maven.surefire.booter.ForkedBooter.main(ForkedBooter.java:68)
</failure>
    <system-err>jun 30, 2016 9:52:26 PM br.com.cwi.exchangerate.datasource.BrazilianCentralBankDataSource findQuotationByDate
INFORMAÇÕES: Date requested: 2014-11-20
jun 30, 2016 9:52:26 PM br.com.cwi.exchangerate.datasource.BrazilianCentralBankDataSource downloadCSVContentFileForDate
INFORMAÇÕES: Requested: http://www4.bcb.gov.br/Download/fechamento/20141120.csv
jun 30, 2016 9:52:26 PM br.com.cwi.exchangerate.datasource.BrazilianCentralBankDataSource downloadCSVContentFileForDate
INFORMAÇÕES: Acessing... http://www4.bcb.gov.br/Download/fechamento/20141120.csv
jun 30, 2016 9:52:26 PM br.com.cwi.exchangerate.service.QuotationImpl convert
INFORMAÇÕES: From: 220 - USD - 2,544
jun 30, 2016 9:52:26 PM br.com.cwi.exchangerate.service.QuotationImpl convert
INFORMAÇÕES: To: 978 - EUR - 3,192
</system-err>
  </testcase>
  <testcase classname="br.com.cwi.exchangerate.service.QuotationImplITTest" name="testValues[Try convert value 100 from EUR to USD for date 20141120]" time="0.088"/>
</testsuite>